<?xml version="1.0" encoding="UTF-8"?>
<testng-results ignored="0" total="1" passed="1" failed="0" skipped="0">
  <reporter-output>
    <line>
      <![CDATA[the db connection is connected]]>
    </line>
    <line>
      <![CDATA[user is able to write the precondition]]>
    </line>
    <line>
      <![CDATA[user is able to launch the url]]>
    </line>
    <line>
      <![CDATA[user is able to login into the application]]>
    </line>
    <line>
      <![CDATA[User is able to click on book]]>
    </line>
    <line>
      <![CDATA[usr is able to logout the session]]>
    </line>
    <line>
      <![CDATA[user is able to close the browser]]>
    </line>
    <line>
      <![CDATA[user is able to write the post condition]]>
    </line>
    <line>
      <![CDATA[user is able to close the db connection]]>
    </line>
  </reporter-output>
  <suite started-at="2024-05-22T11:16:35 IST" name="Default suite" finished-at="2024-05-22T11:17:04 IST" duration-ms="29189">
    <groups>
    </groups>
    <test started-at="2024-05-22T11:16:35 IST" name="Default test" finished-at="2024-05-22T11:17:04 IST" duration-ms="29189">
      <class name="Practice.Books_Test">
        <test-method is-config="true" signature="db()[pri:0, instance:Practice.Books_Test@221a3fa4]" started-at="2024-05-22T11:16:35 IST" name="db" finished-at="2024-05-22T11:16:35 IST" duration-ms="17" status="PASS">
          <reporter-output>
            <line>
              <![CDATA[the db connection is connected]]>
            </line>
          </reporter-output>
        </test-method> <!-- db -->
        <test-method is-config="true" signature="precondition()[pri:0, instance:Practice.Books_Test@221a3fa4]" started-at="2024-05-22T11:16:35 IST" name="precondition" finished-at="2024-05-22T11:16:35 IST" duration-ms="3" status="PASS">
          <reporter-output>
            <line>
              <![CDATA[user is able to write the precondition]]>
            </line>
          </reporter-output>
        </test-method> <!-- precondition -->
        <test-method is-config="true" signature="launch()[pri:0, instance:Practice.Books_Test@221a3fa4]" started-at="2024-05-22T11:16:35 IST" name="launch" finished-at="2024-05-22T11:16:41 IST" duration-ms="6413" status="PASS">
          <reporter-output>
            <line>
              <![CDATA[user is able to launch the url]]>
            </line>
          </reporter-output>
        </test-method> <!-- launch -->
        <test-method is-config="true" signature="login()[pri:0, instance:Practice.Books_Test@221a3fa4]" started-at="2024-05-22T11:16:41 IST" name="login" finished-at="2024-05-22T11:16:43 IST" duration-ms="1445" status="PASS">
          <reporter-output>
            <line>
              <![CDATA[user is able to login into the application]]>
            </line>
          </reporter-output>
        </test-method> <!-- login -->
        <test-method signature="books()[pri:0, instance:Practice.Books_Test@221a3fa4]" started-at="2024-05-22T11:16:43 IST" name="books" finished-at="2024-05-22T11:17:03 IST" duration-ms="20757" status="PASS">
          <reporter-output>
            <line>
              <![CDATA[User is able to click on book]]>
            </line>
          </reporter-output>
        </test-method> <!-- books -->
        <test-method is-config="true" signature="logout()[pri:0, instance:Practice.Books_Test@221a3fa4]" started-at="2024-05-22T11:17:03 IST" name="logout" finished-at="2024-05-22T11:17:04 IST" duration-ms="499" status="PASS">
          <reporter-output>
            <line>
              <![CDATA[usr is able to logout the session]]>
            </line>
          </reporter-output>
        </test-method> <!-- logout -->
        <test-method is-config="true" signature="close()[pri:0, instance:Practice.Books_Test@221a3fa4]" started-at="2024-05-22T11:17:04 IST" name="close" finished-at="2024-05-22T11:17:04 IST" duration-ms="0" status="PASS">
          <reporter-output>
            <line>
              <![CDATA[user is able to close the browser]]>
            </line>
          </reporter-output>
        </test-method> <!-- close -->
        <test-method is-config="true" signature="postcon()[pri:0, instance:Practice.Books_Test@221a3fa4]" started-at="2024-05-22T11:17:04 IST" name="postcon" finished-at="2024-05-22T11:17:04 IST" duration-ms="0" status="PASS">
          <reporter-output>
            <line>
              <![CDATA[user is able to write the post condition]]>
            </line>
          </reporter-output>
        </test-method> <!-- postcon -->
        <test-method is-config="true" signature="closedb()[pri:0, instance:Practice.Books_Test@221a3fa4]" started-at="2024-05-22T11:17:04 IST" name="closedb" finished-at="2024-05-22T11:17:04 IST" duration-ms="1" status="PASS">
          <reporter-output>
            <line>
              <![CDATA[user is able to close the db connection]]>
            </line>
          </reporter-output>
        </test-method> <!-- closedb -->
      </class> <!-- Practice.Books_Test -->
    </test> <!-- Default test -->
  </suite> <!-- Default suite -->
</testng-results>
